<?xml version="1.0" encoding="UTF-8"?>
<robot generator="Robot 5.0 (Python 3.9.7 on win32)" generated="20220407 17:37:56.892" rpa="false" schemaversion="3">
<suite id="s1" name="Shopping" source="C:\Users\piyus\PycharmProjects\RobotFramework\Tests\FlipKartApp\FunctionalTestSuit\Shopping.robot">
<test id="s1-t1" name="Google search" line="10">
<kw name="start testcase">
<kw name="Open Browser" library="SeleniumLibrary">
<arg>${url}</arg>
<arg>chrome</arg>
<doc>Opens a new browser instance to the optional ``url``.</doc>
<msg timestamp="20220407 17:37:57.126" level="INFO">Opening browser 'chrome' to base url 'https://www.google.com/'.</msg>
<status status="PASS" starttime="20220407 17:37:57.126" endtime="20220407 17:37:59.262"/>
</kw>
<kw name="Maximize Browser Window" library="SeleniumLibrary">
<doc>Maximizes current browser window.</doc>
<status status="PASS" starttime="20220407 17:37:59.262" endtime="20220407 17:37:59.380"/>
</kw>
<status status="PASS" starttime="20220407 17:37:57.125" endtime="20220407 17:37:59.381"/>
</kw>
<kw name="search data">
<kw name="Input Text" library="SeleniumLibrary">
<arg>name:q</arg>
<arg>${search_flipkart}</arg>
<doc>Types the given ``text`` into the text field identified by ``locator``.</doc>
<msg timestamp="20220407 17:37:59.383" level="INFO">Typing text 'Flipkart' into text field 'name:q'.</msg>
<status status="PASS" starttime="20220407 17:37:59.382" endtime="20220407 17:37:59.537"/>
</kw>
<status status="PASS" starttime="20220407 17:37:59.382" endtime="20220407 17:37:59.537"/>
</kw>
<kw name="Submit Form" library="SeleniumLibrary">
<doc>Submits a form identified by ``locator``.</doc>
<msg timestamp="20220407 17:37:59.538" level="INFO">Submitting form 'None'.</msg>
<status status="PASS" starttime="20220407 17:37:59.538" endtime="20220407 17:38:01.669"/>
</kw>
<kw name="Click Element" library="SeleniumLibrary">
<arg>class:LC20lb</arg>
<doc>Click the element identified by ``locator``.</doc>
<msg timestamp="20220407 17:38:01.670" level="INFO">Clicking element 'class:LC20lb'.</msg>
<status status="PASS" starttime="20220407 17:38:01.670" endtime="20220407 17:38:02.761"/>
</kw>
<doc>google search test</doc>
<tag>google</tag>
<status status="PASS" starttime="20220407 17:37:57.125" endtime="20220407 17:38:02.762"/>
</test>
<test id="s1-t2" name="Flipkart product search" line="18">
<kw name="Sleep" library="BuiltIn">
<arg>2s</arg>
<doc>Pauses the test executed for the given time.</doc>
<msg timestamp="20220407 17:38:04.775" level="INFO">Slept 2 seconds</msg>
<status status="PASS" starttime="20220407 17:38:02.765" endtime="20220407 17:38:04.775"/>
</kw>
<kw name="Click Button" library="SeleniumLibrary">
<arg>class:_2KpZ6l</arg>
<doc>Clicks the button identified by ``locator``.</doc>
<msg timestamp="20220407 17:38:04.776" level="INFO">Clicking button 'class:_2KpZ6l'.</msg>
<status status="PASS" starttime="20220407 17:38:04.775" endtime="20220407 17:38:04.908"/>
</kw>
<kw name="search product">
<kw name="Input Text" library="SeleniumLibrary">
<arg>name:q</arg>
<arg>${search_product}</arg>
<doc>Types the given ``text`` into the text field identified by ``locator``.</doc>
<msg timestamp="20220407 17:38:04.910" level="INFO">Typing text 'iphone13' into text field 'name:q'.</msg>
<status status="PASS" starttime="20220407 17:38:04.909" endtime="20220407 17:38:05.014"/>
</kw>
<status status="PASS" starttime="20220407 17:38:04.908" endtime="20220407 17:38:05.014"/>
</kw>
<kw name="Click Button" library="SeleniumLibrary">
<arg>class:L0Z3Pu</arg>
<doc>Clicks the button identified by ``locator``.</doc>
<msg timestamp="20220407 17:38:05.015" level="INFO">Clicking button 'class:L0Z3Pu'.</msg>
<status status="PASS" starttime="20220407 17:38:05.015" endtime="20220407 17:38:05.082"/>
</kw>
<kw name="Sleep" library="BuiltIn">
<arg>2s</arg>
<doc>Pauses the test executed for the given time.</doc>
<msg timestamp="20220407 17:38:07.095" level="INFO">Slept 2 seconds</msg>
<status status="PASS" starttime="20220407 17:38:05.083" endtime="20220407 17:38:07.095"/>
</kw>
<doc>searching products on flipkart</doc>
<tag>flipkart</tag>
<status status="PASS" starttime="20220407 17:38:02.764" endtime="20220407 17:38:07.096"/>
</test>
<test id="s1-t3" name="Flipkart product selection" line="28">
<kw name="Click Element" library="SeleniumLibrary">
<arg>xpath=//html/body/div/div/div[3]/div[1]/div[2]/div[3]/div/div/div/a/div[2]/div[1]/div[1]</arg>
<doc>Click the element identified by ``locator``.</doc>
<msg timestamp="20220407 17:38:07.100" level="INFO">Clicking element 'xpath=//html/body/div/div/div[3]/div[1]/div[2]/div[3]/div/div/div/a/div[2]/div[1]/div[1]'.</msg>
<status status="PASS" starttime="20220407 17:38:07.099" endtime="20220407 17:38:07.274"/>
</kw>
<kw name="Sleep" library="BuiltIn">
<arg>2s</arg>
<doc>Pauses the test executed for the given time.</doc>
<msg timestamp="20220407 17:38:09.281" level="INFO">Slept 2 seconds</msg>
<status status="PASS" starttime="20220407 17:38:07.275" endtime="20220407 17:38:09.281"/>
</kw>
<doc>selecting product</doc>
<tag>flipkart</tag>
<status status="PASS" starttime="20220407 17:38:07.098" endtime="20220407 17:38:09.282"/>
</test>
<test id="s1-t4" name="Flipkart product buy" line="35">
<kw name="Switch Window" library="SeleniumLibrary">
<arg>title:APPLE iPhone 13 ( 128 GB GB Storage, 0 GB RAM ) Online at Best Price On Flipkart.com</arg>
<doc>Switches to browser window matching ``locator``.</doc>
<status status="PASS" starttime="20220407 17:38:09.285" endtime="20220407 17:38:09.803"/>
</kw>
<kw name="Click Button" library="SeleniumLibrary">
<arg>xpath=//html/body/div[1]/div/div[3]/div[1]/div[1]/div[2]/div/ul/li[2]/form/button</arg>
<doc>Clicks the button identified by ``locator``.</doc>
<msg timestamp="20220407 17:38:09.804" level="INFO">Clicking button 'xpath=//html/body/div[1]/div/div[3]/div[1]/div[1]/div[2]/div/ul/li[2]/form/button'.</msg>
<status status="PASS" starttime="20220407 17:38:09.803" endtime="20220407 17:38:09.889"/>
</kw>
<kw name="Sleep" library="BuiltIn">
<arg>5s</arg>
<doc>Pauses the test executed for the given time.</doc>
<msg timestamp="20220407 17:38:14.898" level="INFO">Slept 5 seconds</msg>
<status status="PASS" starttime="20220407 17:38:09.890" endtime="20220407 17:38:14.898"/>
</kw>
<doc>product purchase</doc>
<tag>flipkart</tag>
<status status="PASS" starttime="20220407 17:38:09.284" endtime="20220407 17:38:14.899"/>
</test>
<test id="s1-t5" name="Flipkart user login" line="42">
<kw name="Input Text" library="SeleniumLibrary">
<arg>class:_2IX_2-</arg>
<arg>test@gmail.com</arg>
<doc>Types the given ``text`` into the text field identified by ``locator``.</doc>
<msg timestamp="20220407 17:38:14.906" level="INFO">Typing text 'test@gmail.com' into text field 'class:_2IX_2-'.</msg>
<status status="PASS" starttime="20220407 17:38:14.905" endtime="20220407 17:38:15.008"/>
</kw>
<kw name="Click Button" library="SeleniumLibrary">
<arg>xpath=//html/body/div[1]/div/div[2]/div/div[1]/div[1]/div/div/div/div/div[1]/div/form/div[3]/button</arg>
<doc>Clicks the button identified by ``locator``.</doc>
<msg timestamp="20220407 17:38:15.009" level="INFO">Clicking button 'xpath=//html/body/div[1]/div/div[2]/div/div[1]/div[1]/div/div/div/div/div[1]/div/form/div[3]/button'.</msg>
<status status="PASS" starttime="20220407 17:38:15.009" endtime="20220407 17:38:15.096"/>
</kw>
<kw name="Sleep" library="BuiltIn">
<arg>5s</arg>
<doc>Pauses the test executed for the given time.</doc>
<msg timestamp="20220407 17:38:20.103" level="INFO">Slept 5 seconds</msg>
<status status="PASS" starttime="20220407 17:38:15.096" endtime="20220407 17:38:20.103"/>
</kw>
<kw name="stop testcase">
<kw name="Close Browser" library="SeleniumLibrary">
<doc>Closes the current browser.</doc>
<status status="PASS" starttime="20220407 17:38:20.104" endtime="20220407 17:38:22.247"/>
</kw>
<status status="PASS" starttime="20220407 17:38:20.104" endtime="20220407 17:38:22.248"/>
</kw>
<doc>login</doc>
<tag>flipkart</tag>
<status status="PASS" starttime="20220407 17:38:14.903" endtime="20220407 17:38:22.249"/>
</test>
<status status="PASS" starttime="20220407 17:37:56.893" endtime="20220407 17:38:22.254"/>
</suite>
<statistics>
<total>
<stat pass="5" fail="0" skip="0">All Tests</stat>
</total>
<tag>
<stat pass="4" fail="0" skip="0">flipkart</stat>
<stat pass="1" fail="0" skip="0">google</stat>
</tag>
<suite>
<stat pass="5" fail="0" skip="0" id="s1" name="Shopping">Shopping</stat>
</suite>
</statistics>
<errors>
</errors>
</robot>
